<?xml version="1.0" encoding="UTF-8"?>
<testsuite name="hotelreservationSystem.HotelReservationTest" tests="1" skipped="0" failures="0" errors="0" timestamp="2021-05-21T19:36:37" hostname="LAPTOP-LN4L4KQQ" time="0.038">
  <properties/>
  <testcase name="checkCheapHotelTest()" classname="hotelreservationSystem.HotelReservationTest" time="0.038"/>
  <system-out><![CDATA[]]></system-out>
  <system-err><![CDATA[]]></system-err>
</testsuite>
