<?xml version="1.0" encoding="UTF-8"?>
<testsuite name="hotelreservationSystem.HotelReservationTest" tests="2" skipped="0" failures="0" errors="0" timestamp="2021-05-21T18:57:33" hostname="LAPTOP-LN4L4KQQ" time="0.048">
  <properties/>
  <testcase name="checkCheapHotelTest()" classname="hotelreservationSystem.HotelReservationTest" time="0.044"/>
  <testcase name="hotelAddTest()" classname="hotelreservationSystem.HotelReservationTest" time="0.003"/>
  <system-out><![CDATA[hotelreservationsystem.Hotel@59e5dac5
]]></system-out>
  <system-err><![CDATA[]]></system-err>
</testsuite>
